#
# There is insufficient memory for the Java Runtime Environment to continue.
# Native memory allocation (mmap) failed to map 68157440 bytes for committing reserved memory.
# Possible reasons:
#   The system is out of physical RAM or swap space
#   The process is running with CompressedOops enabled, and the Java Heap may be blocking the growth of the native heap
# Possible solutions:
#   Reduce memory load on the system
#   Increase physical memory or swap space
#   Check if swap backing store is full
#   Decrease Java heap size (-Xmx/-Xms)
#   Decrease number of Java threads
#   Decrease Java thread stack sizes (-Xss)
#   Set larger code cache with -XX:ReservedCodeCacheSize=
#   JVM is running with Unscaled Compressed Oops mode in which the Java heap is
#     placed in the first 4GB address space. The Java Heap base address is the
#     maximum limit for the native heap growth. Please use -XX:HeapBaseMinAddress
#     to set the Java Heap base and to place the Java Heap above 4GB virtual address.
# This output file may be truncated or incomplete.
#
#  Out of Memory Error (os_linux.cpp:2757), pid=5303, tid=0x00007f514d7e5700
#
# JRE version: OpenJDK Runtime Environment (8.0_222-b10) (build 1.8.0_222-8u222-b10-1ubuntu1~18.04.1-b10)
# Java VM: OpenJDK 64-Bit Server VM (25.222-b10 mixed mode linux-amd64 compressed oops)
# Failed to write core dump. Core dumps have been disabled. To enable core dumping, try "ulimit -c unlimited" before starting Java again
#

---------------  T H R E A D  ---------------

Current thread (0x00007f516407e000):  VMThread [stack: 0x00007f514d6e6000,0x00007f514d7e6000] [id=5316]

Stack: [0x00007f514d6e6000,0x00007f514d7e6000],  sp=0x00007f514d7e44a0,  free space=1017k
Native frames: (J=compiled Java code, j=interpreted, Vv=VM code, C=native code)
V  [libjvm.so+0xab8992]
V  [libjvm.so+0x4dbfd7]
V  [libjvm.so+0x8f33a0]
V  [libjvm.so+0x8ea46e]
V  [libjvm.so+0x96e106]
V  [libjvm.so+0x96f478]
V  [libjvm.so+0x96ba76]
V  [libjvm.so+0x96be0c]
V  [libjvm.so+0x91a5a8]
V  [libjvm.so+0xaba662]
V  [libjvm.so+0xabf1d6]
V  [libjvm.so+0xabd4d5]
V  [libjvm.so+0xabddad]
V  [libjvm.so+0xabe1b8]
V  [libjvm.so+0x8f0732]

VM_Operation (0x00007f516c4d6520): ParallelGCFailedAllocation, mode: safepoint, requested by thread 0x00007f5164010000


---------------  P R O C E S S  ---------------

Java Threads: ( => current thread )
  0x00007f510803d000 JavaThread "HikariPool-1 connection adder" daemon [_thread_blocked, id=5332, stack(0x00007f51440f2000,0x00007f51441f3000)]
  0x00007f5165291800 JavaThread "HikariPool-1 housekeeper" daemon [_thread_blocked, id=5331, stack(0x00007f51443f3000,0x00007f51444f4000)]
  0x00007f5164b01000 JavaThread "PostgreSQL-JDBC-SharedTimer-1" daemon [_thread_blocked, id=5330, stack(0x00007f5144cfe000,0x00007f5144dff000)]
  0x00007f5164564000 JavaThread "ReaderThread" [_thread_in_native, id=5325, stack(0x00007f514c522000,0x00007f514c623000)]
  0x00007f51640d8800 JavaThread "Service Thread" daemon [_thread_blocked, id=5323, stack(0x00007f514ccac000,0x00007f514cdad000)]
  0x00007f51640c3800 JavaThread "C1 CompilerThread2" daemon [_thread_blocked, id=5322, stack(0x00007f514cdae000,0x00007f514ceae000)]
  0x00007f51640c1800 JavaThread "C2 CompilerThread1" daemon [_thread_blocked, id=5321, stack(0x00007f514ceaf000,0x00007f514cfaf000)]
  0x00007f51640bf000 JavaThread "C2 CompilerThread0" daemon [_thread_blocked, id=5320, stack(0x00007f514cfb0000,0x00007f514d0b0000)]
  0x00007f51640bd000 JavaThread "Signal Dispatcher" daemon [_thread_blocked, id=5319, stack(0x00007f514d0b0000,0x00007f514d1b1000)]
  0x00007f516408a000 JavaThread "Finalizer" daemon [_thread_blocked, id=5318, stack(0x00007f514d4e3000,0x00007f514d5e4000)]
  0x00007f5164087800 JavaThread "Reference Handler" daemon [_thread_blocked, id=5317, stack(0x00007f514d5e4000,0x00007f514d6e5000)]
  0x00007f5164010000 JavaThread "main" [_thread_blocked, id=5311, stack(0x00007f516c3db000,0x00007f516c4db000)]

Other Threads:
=>0x00007f516407e000 VMThread [stack: 0x00007f514d6e6000,0x00007f514d7e6000] [id=5316]
  0x00007f51640db000 WatcherThread [stack: 0x00007f514cbac000,0x00007f514ccac000] [id=5324]

VM state:at safepoint (normal execution)

VM Mutex/Monitor currently owned by a thread:  ([mutex/lock_event])
[0x00007f516400c760] Threads_lock - owner thread: 0x00007f516407e000
[0x00007f516400cc60] Heap_lock - owner thread: 0x00007f5164010000

heap address: 0x00000000c3e00000, size: 962 MB, Compressed Oops mode: 32-bit
Narrow klass base: 0x0000000000000000, Narrow klass shift: 3
Compressed class space size: 1073741824 Address: 0x0000000100000000

Heap:
 PSYoungGen      total 183808K, used 10725K [0x00000000ebf80000, 0x00000000f7e00000, 0x0000000100000000)
  eden space 173056K, 0% used [0x00000000ebf80000,0x00000000ebf80000,0x00000000f6880000)
  from space 10752K, 99% used [0x00000000f6900000,0x00000000f7379720,0x00000000f7380000)
  to   space 9216K, 0% used [0x00000000f7500000,0x00000000f7500000,0x00000000f7e00000)
 ParOldGen       total 48128K, used 23621K [0x00000000c3e00000, 0x00000000c6d00000, 0x00000000ebf80000)
  object space 48128K, 49% used [0x00000000c3e00000,0x00000000c55116a8,0x00000000c6d00000)
 Metaspace       used 51779K, capacity 53698K, committed 53760K, reserved 1095680K
  class space    used 7003K, capacity 7383K, committed 7424K, reserved 1048576K

Card table byte_map: [0x00007f5168796000,0x00007f5168978000] byte_map_base: 0x00007f5168177000

Marking Bits: (ParMarkBitMap*) 0x00007f516b677360
 Begin Bits: [0x00007f514e1f0000, 0x00007f514f0f8000)
 End Bits:   [0x00007f514f0f8000, 0x00007f5150000000)

Polling page: 0x00007f516c4f8000

CodeCache: size=245760Kb used=13464Kb max_used=13494Kb free=232295Kb
 bounds [0x00007f5155000000, 0x00007f5155d40000, 0x00007f5164000000]
 total_blobs=4622 nmethods=4095 adapters=441
 compilation: enabled

Compilation events (10 events):
Event: 7.767 Thread 0x00007f51640c3800 4455       3       sun.misc.ProxyGenerator$ProxyMethod::codeWrapArgument (171 bytes)
Event: 7.769 Thread 0x00007f51640c3800 nmethod 4455 0x00007f5155d1fc90 code [0x00007f5155d200a0, 0x00007f5155d21f68]
Event: 7.769 Thread 0x00007f51640c3800 4453       3       java.lang.invoke.BoundMethodHandle::editor (8 bytes)
Event: 7.770 Thread 0x00007f51640c3800 nmethod 4453 0x00007f5155d236d0 code [0x00007f5155d23860, 0x00007f5155d23c08]
Event: 7.770 Thread 0x00007f51640c3800 4454       3       java.lang.invoke.LambdaForm::editor (5 bytes)
Event: 7.770 Thread 0x00007f51640c3800 nmethod 4454 0x00007f5155d23e10 code [0x00007f5155d23fa0, 0x00007f5155d242c8]
Event: 7.777 Thread 0x00007f51640c3800 4456       3       org.springframework.transaction.interceptor.TransactionAttributeSourcePointcut::matches (55 bytes)
Event: 7.778 Thread 0x00007f51640c3800 nmethod 4456 0x00007f5155d2a650 code [0x00007f5155d2a800, 0x00007f5155d2ae68]
Event: 7.780 Thread 0x00007f51640bf000 nmethod 4381 0x00007f5155d2afd0 code [0x00007f5155d2b680, 0x00007f5155d2ffc8]
Event: 7.781 Thread 0x00007f51640bf000 4391   !   4       java.lang.invoke.MemberName::getMethodType (208 bytes)

GC Heap History (10 events):
Event: 2.292 GC heap after
Heap after GC invocations=8 (full 0):
 PSYoungGen      total 131584K, used 3231K [0x00000000ebf80000, 0x00000000f4680000, 0x0000000100000000)
  eden space 125952K, 0% used [0x00000000ebf80000,0x00000000ebf80000,0x00000000f3a80000)
  from space 5632K, 57% used [0x00000000f4100000,0x00000000f4427cf8,0x00000000f4680000)
  to   space 6144K, 0% used [0x00000000f3a80000,0x00000000f3a80000,0x00000000f4080000)
 ParOldGen       total 42496K, used 9998K [0x00000000c3e00000, 0x00000000c6780000, 0x00000000ebf80000)
  object space 42496K, 23% used [0x00000000c3e00000,0x00000000c47c3818,0x00000000c6780000)
 Metaspace       used 20619K, capacity 21086K, committed 21248K, reserved 1067008K
  class space    used 2569K, capacity 2705K, committed 2816K, reserved 1048576K
}
Event: 2.292 GC heap before
{Heap before GC invocations=9 (full 1):
 PSYoungGen      total 131584K, used 3231K [0x00000000ebf80000, 0x00000000f4680000, 0x0000000100000000)
  eden space 125952K, 0% used [0x00000000ebf80000,0x00000000ebf80000,0x00000000f3a80000)
  from space 5632K, 57% used [0x00000000f4100000,0x00000000f4427cf8,0x00000000f4680000)
  to   space 6144K, 0% used [0x00000000f3a80000,0x00000000f3a80000,0x00000000f4080000)
 ParOldGen       total 42496K, used 9998K [0x00000000c3e00000, 0x00000000c6780000, 0x00000000ebf80000)
  object space 42496K, 23% used [0x00000000c3e00000,0x00000000c47c3818,0x00000000c6780000)
 Metaspace       used 20619K, capacity 21086K, committed 21248K, reserved 1067008K
  class space    used 2569K, capacity 2705K, committed 2816K, reserved 1048576K
Event: 2.330 GC heap after
Heap after GC invocations=9 (full 1):
 PSYoungGen      total 131584K, used 0K [0x00000000ebf80000, 0x00000000f4680000, 0x0000000100000000)
  eden space 125952K, 0% used [0x00000000ebf80000,0x00000000ebf80000,0x00000000f3a80000)
  from space 5632K, 0% used [0x00000000f4100000,0x00000000f4100000,0x00000000f4680000)
  to   space 6144K, 0% used [0x00000000f3a80000,0x00000000f3a80000,0x00000000f4080000)
 ParOldGen       total 29696K, used 5840K [0x00000000c3e00000, 0x00000000c5b00000, 0x00000000ebf80000)
  object space 29696K, 19% used [0x00000000c3e00000,0x00000000c43b4018,0x00000000c5b00000)
 Metaspace       used 20619K, capacity 21086K, committed 21248K, reserved 1067008K
  class space    used 2569K, capacity 2705K, committed 2816K, reserved 1048576K
}
Event: 3.771 GC heap before
{Heap before GC invocations=10 (full 1):
 PSYoungGen      total 131584K, used 125952K [0x00000000ebf80000, 0x00000000f4680000, 0x0000000100000000)
  eden space 125952K, 100% used [0x00000000ebf80000,0x00000000f3a80000,0x00000000f3a80000)
  from space 5632K, 0% used [0x00000000f4100000,0x00000000f4100000,0x00000000f4680000)
  to   space 6144K, 0% used [0x00000000f3a80000,0x00000000f3a80000,0x00000000f4080000)
 ParOldGen       total 29696K, used 5840K [0x00000000c3e00000, 0x00000000c5b00000, 0x00000000ebf80000)
  object space 29696K, 19% used [0x00000000c3e00000,0x00000000c43b4018,0x00000000c5b00000)
 Metaspace       used 28559K, capacity 29528K, committed 29824K, reserved 1075200K
  class space    used 3624K, capacity 3844K, committed 3968K, reserved 1048576K
Event: 3.795 GC heap after
Heap after GC invocations=10 (full 1):
 PSYoungGen      total 132096K, used 6122K [0x00000000ebf80000, 0x00000000f7e00000, 0x0000000100000000)
  eden space 125952K, 0% used [0x00000000ebf80000,0x00000000ebf80000,0x00000000f3a80000)
  from space 6144K, 99% used [0x00000000f3a80000,0x00000000f407a840,0x00000000f4080000)
  to   space 9216K, 0% used [0x00000000f7500000,0x00000000f7500000,0x00000000f7e00000)
 ParOldGen       total 29696K, used 10921K [0x00000000c3e00000, 0x00000000c5b00000, 0x00000000ebf80000)
  object space 29696K, 36% used [0x00000000c3e00000,0x00000000c48aa5b8,0x00000000c5b00000)
 Metaspace       used 28559K, capacity 29528K, committed 29824K, reserved 1075200K
  class space    used 3624K, capacity 3844K, committed 3968K, reserved 1048576K
}
Event: 5.194 GC heap before
{Heap before GC invocations=11 (full 1):
 PSYoungGen      total 132096K, used 77014K [0x00000000ebf80000, 0x00000000f7e00000, 0x0000000100000000)
  eden space 125952K, 56% used [0x00000000ebf80000,0x00000000f04bb050,0x00000000f3a80000)
  from space 6144K, 99% used [0x00000000f3a80000,0x00000000f407a840,0x00000000f4080000)
  to   space 9216K, 0% used [0x00000000f7500000,0x00000000f7500000,0x00000000f7e00000)
 ParOldGen       total 29696K, used 10921K [0x00000000c3e00000, 0x00000000c5b00000, 0x00000000ebf80000)
  object space 29696K, 36% used [0x00000000c3e00000,0x00000000c48aa5b8,0x00000000c5b00000)
 Metaspace       used 34004K, capacity 35230K, committed 35416K, reserved 1081344K
  class space    used 4266K, capacity 4539K, committed 4608K, reserved 1048576K
Event: 5.206 GC heap after
Heap after GC invocations=11 (full 1):
 PSYoungGen      total 182272K, used 9190K [0x00000000ebf80000, 0x00000000f7e00000, 0x0000000100000000)
  eden space 173056K, 0% used [0x00000000ebf80000,0x00000000ebf80000,0x00000000f6880000)
  from space 9216K, 99% used [0x00000000f7500000,0x00000000f7df98d8,0x00000000f7e00000)
  to   space 10752K, 0% used [0x00000000f6900000,0x00000000f6900000,0x00000000f7380000)
 ParOldGen       total 29696K, used 11898K [0x00000000c3e00000, 0x00000000c5b00000, 0x00000000ebf80000)
  object space 29696K, 40% used [0x00000000c3e00000,0x00000000c499eba8,0x00000000c5b00000)
 Metaspace       used 34004K, capacity 35230K, committed 35416K, reserved 1081344K
  class space    used 4266K, capacity 4539K, committed 4608K, reserved 1048576K
}
Event: 5.206 GC heap before
{Heap before GC invocations=12 (full 2):
 PSYoungGen      total 182272K, used 9190K [0x00000000ebf80000, 0x00000000f7e00000, 0x0000000100000000)
  eden space 173056K, 0% used [0x00000000ebf80000,0x00000000ebf80000,0x00000000f6880000)
  from space 9216K, 99% used [0x00000000f7500000,0x00000000f7df98d8,0x00000000f7e00000)
  to   space 10752K, 0% used [0x00000000f6900000,0x00000000f6900000,0x00000000f7380000)
 ParOldGen       total 29696K, used 11898K [0x00000000c3e00000, 0x00000000c5b00000, 0x00000000ebf80000)
  object space 29696K, 40% used [0x00000000c3e00000,0x00000000c499eba8,0x00000000c5b00000)
 Metaspace       used 34004K, capacity 35230K, committed 35416K, reserved 1081344K
  class space    used 4266K, capacity 4539K, committed 4608K, reserved 1048576K
Event: 5.264 GC heap after
Heap after GC invocations=12 (full 2):
 PSYoungGen      total 182272K, used 0K [0x00000000ebf80000, 0x00000000f7e00000, 0x0000000100000000)
  eden space 173056K, 0% used [0x00000000ebf80000,0x00000000ebf80000,0x00000000f6880000)
  from space 9216K, 0% used [0x00000000f7500000,0x00000000f7500000,0x00000000f7e00000)
  to   space 10752K, 0% used [0x00000000f6900000,0x00000000f6900000,0x00000000f7380000)
 ParOldGen       total 48128K, used 14530K [0x00000000c3e00000, 0x00000000c6d00000, 0x00000000ebf80000)
  object space 48128K, 30% used [0x00000000c3e00000,0x00000000c4c30b80,0x00000000c6d00000)
 Metaspace       used 34004K, capacity 35230K, committed 35416K, reserved 1081344K
  class space    used 4266K, capacity 4539K, committed 4608K, reserved 1048576K
}
Event: 7.785 GC heap before
{Heap before GC invocations=13 (full 2):
 PSYoungGen      total 182272K, used 173056K [0x00000000ebf80000, 0x00000000f7e00000, 0x0000000100000000)
  eden space 173056K, 100% used [0x00000000ebf80000,0x00000000f6880000,0x00000000f6880000)
  from space 9216K, 0% used [0x00000000f7500000,0x00000000f7500000,0x00000000f7e00000)
  to   space 10752K, 0% used [0x00000000f6900000,0x00000000f6900000,0x00000000f7380000)
 ParOldGen       total 48128K, used 14530K [0x00000000c3e00000, 0x00000000c6d00000, 0x00000000ebf80000)
  object space 48128K, 30% used [0x00000000c3e00000,0x00000000c4c30b80,0x00000000c6d00000)
 Metaspace       used 51779K, capacity 53698K, committed 53760K, reserved 1095680K
  class space    used 7003K, capacity 7383K, committed 7424K, reserved 1048576K

Deoptimization events (10 events):
Event: 7.084 Thread 0x00007f5164010000 Uncommon trap: reason=class_check action=maybe_recompile pc=0x00007f51559fd0ac method=org.springframework.beans.factory.support.AbstractBeanFactory.isTypeMatch(Ljava/lang/String;Lorg/springframework/core/ResolvableType;)Z @ 47
Event: 7.111 Thread 0x00007f5164010000 Uncommon trap: reason=class_check action=maybe_recompile pc=0x00007f51559fd0ac method=org.springframework.beans.factory.support.AbstractBeanFactory.isTypeMatch(Ljava/lang/String;Lorg/springframework/core/ResolvableType;)Z @ 47
Event: 7.124 Thread 0x00007f5164010000 Uncommon trap: reason=unstable_if action=reinterpret pc=0x00007f5155c2d82c method=java.util.concurrent.ConcurrentHashMap.get(Ljava/lang/Object;)Ljava/lang/Object; @ 152
Event: 7.125 Thread 0x00007f5164010000 Uncommon trap: reason=unstable_if action=reinterpret pc=0x00007f5155574008 method=org.springframework.asm.ClassReader.readUtf(II[C)Ljava/lang/String; @ 41
Event: 7.187 Thread 0x00007f5164010000 Uncommon trap: reason=class_check action=maybe_recompile pc=0x00007f51559fd0ac method=org.springframework.beans.factory.support.AbstractBeanFactory.isTypeMatch(Ljava/lang/String;Lorg/springframework/core/ResolvableType;)Z @ 47
Event: 7.218 Thread 0x00007f5164010000 Uncommon trap: reason=unstable_if action=reinterpret pc=0x00007f5155200c94 method=java.util.concurrent.ConcurrentHashMap.putVal(Ljava/lang/Object;Ljava/lang/Object;Z)Ljava/lang/Object; @ 331
Event: 7.372 Thread 0x00007f5164010000 Uncommon trap: reason=unstable_if action=reinterpret pc=0x00007f51554a0ee0 method=org.springframework.util.ConcurrentReferenceHashMap$Segment.restructureIfNecessary(Z)V @ 34
Event: 7.683 Thread 0x00007f5164010000 Uncommon trap: reason=bimorphic action=maybe_recompile pc=0x00007f51551b4070 method=java.util.regex.Pattern$Branch.match(Ljava/util/regex/Matcher;ILjava/lang/CharSequence;)Z @ 32
Event: 7.685 Thread 0x00007f5164010000 Uncommon trap: reason=unstable_if action=reinterpret pc=0x00007f51551b3e70 method=java.util.regex.Pattern$Branch.match(Ljava/util/regex/Matcher;ILjava/lang/CharSequence;)Z @ 35
Event: 7.783 Thread 0x00007f5164010000 Uncommon trap: reason=class_check action=maybe_recompile pc=0x00007f51559fd0ac method=org.springframework.beans.factory.support.AbstractBeanFactory.isTypeMatch(Ljava/lang/String;Lorg/springframework/core/ResolvableType;)Z @ 47

Classes redefined (0 events):
No events

Internal exceptions (10 events):
Event: 7.471 Thread 0x00007f5164010000 Exception <a 'java/lang/ClassNotFoundException': com/scifisoft/MyWebApp/entities/TaskCustomizer> (0x00000000f5be35b8) thrown at [/build/openjdk-8-OqY7zN/openjdk-8-8u222-b10/src/hotspot/src/share/vm/classfile/systemDictionary.cpp, line 210]
Event: 7.489 Thread 0x00007f5164010000 Exception <a 'java/lang/ClassNotFoundException': java/lang/ObjectCustomizer> (0x00000000f5c8cc90) thrown at [/build/openjdk-8-OqY7zN/openjdk-8-8u222-b10/src/hotspot/src/share/vm/classfile/systemDictionary.cpp, line 210]
Event: 7.490 Thread 0x00007f5164010000 Exception <a 'java/lang/ClassNotFoundException': com/scifisoft/MyWebApp/entities/RoleCustomizer> (0x00000000f5cabb28) thrown at [/build/openjdk-8-OqY7zN/openjdk-8-8u222-b10/src/hotspot/src/share/vm/classfile/systemDictionary.cpp, line 210]
Event: 7.500 Thread 0x00007f5164010000 Exception <a 'java/lang/NoSuchMethodError': java.lang.Object.lambda$direct$0(Lorg/springframework/data/repository/core/support/MethodLookup$InvokedMethod;Ljava/lang/reflect/Method;)Z> (0x00000000f5cf6450) thrown at [/build/openjdk-8-OqY7zN/openjdk-8-8u222
Event: 7.502 Thread 0x00007f5164010000 Exception <a 'java/lang/NoSuchMethodError': java.lang.Object.lambda$direct$1(Lorg/springframework/data/repository/core/support/MethodLookup$MethodPredicate;)Ljava/util/List;> (0x00000000f5cf95d8) thrown at [/build/openjdk-8-OqY7zN/openjdk-8-8u222-b10/src/
Event: 7.506 Thread 0x00007f5164010000 Exception <a 'java/lang/NoSuchMethodError': java.lang.Object.lambda$and$0(Lorg/springframework/data/repository/core/support/MethodLookup;)Ljava/util/List;> (0x00000000f5d1efd8) thrown at [/build/openjdk-8-OqY7zN/openjdk-8-8u222-b10/src/hotspot/src/share/v
Event: 7.527 Thread 0x00007f5164010000 Exception <a 'java/lang/IncompatibleClassChangeError': Found class java.lang.Object, but interface was expected> (0x00000000f5db51d8) thrown at [/build/openjdk-8-OqY7zN/openjdk-8-8u222-b10/src/hotspot/src/share/vm/interpreter/linkResolver.cpp, line 653]
Event: 7.614 Thread 0x00007f5164010000 Exception <a 'java/lang/NoSuchMethodError': java.lang.Object.lambda$map$1(Ljava/util/function/Function;)Ljava/util/stream/Stream;> (0x00000000f60bc5e0) thrown at [/build/openjdk-8-OqY7zN/openjdk-8-8u222-b10/src/hotspot/src/share/vm/interpreter/linkResolve
Event: 7.676 Thread 0x00007f5164010000 Exception <a 'java/lang/reflect/InvocationTargetException'> (0x00000000f63649e8) thrown at [/build/openjdk-8-OqY7zN/openjdk-8-8u222-b10/src/hotspot/src/share/vm/runtime/reflection.cpp, line 1092]
Event: 7.761 Thread 0x00007f5164010000 Exception <a 'java/lang/NoSuchMethodError': java.lang.Object.lambda$static$0(Ljavax/persistence/Query;[Ljava/lang/Object;Lorg/springframework/data/jpa/repository/query/QueryParameterSetter$ErrorHandling;)V> (0x00000000f6778100) thrown at [/build/openjdk-8

Events (10 events):
Event: 7.778 loading class org/springframework/transaction/annotation/Propagation
Event: 7.778 loading class org/springframework/transaction/annotation/Propagation done
Event: 7.780 loading class org/springframework/transaction/annotation/Isolation
Event: 7.780 loading class org/springframework/transaction/annotation/Isolation done
Event: 7.783 Thread 0x00007f5164010000 Uncommon trap: trap_request=0xffffffde fr.pc=0x00007f51559fd0ac
Event: 7.783 Thread 0x00007f5164010000 DEOPT PACKING pc=0x00007f51559fd0ac sp=0x00007f516c4d8090
Event: 7.783 Thread 0x00007f5164010000 DEOPT UNPACKING pc=0x00007f515504547a sp=0x00007f516c4d8088 mode 2
Event: 7.783 loading class org/springframework/beans/factory/annotation/AutowiredAnnotationBeanPostProcessor$ShortcutDependencyDescriptor
Event: 7.783 loading class org/springframework/beans/factory/annotation/AutowiredAnnotationBeanPostProcessor$ShortcutDependencyDescriptor done
Event: 7.784 Executing VM operation: ParallelGCFailedAllocation


Dynamic libraries:
c3e00000-c6d00000 rw-p 00000000 00:00 0 
c6d00000-ebf80000 ---p 00000000 00:00 0 
ebf80000-f7e00000 rw-p 00000000 00:00 0 
fbf00000-100000000 ---p 00000000 00:00 0 
100000000-100740000 rw-p 00000000 00:00 0 
100740000-140000000 ---p 00000000 00:00 0 
55bee6a8b000-55bee6a8c000 r-xp 00000000 08:01 524517                     /usr/lib/jvm/java-8-openjdk-amd64/jre/bin/java
55bee6c8b000-55bee6c8c000 r--p 00000000 08:01 524517                     /usr/lib/jvm/java-8-openjdk-amd64/jre/bin/java
55bee6c8c000-55bee6c8d000 rw-p 00001000 08:01 524517                     /usr/lib/jvm/java-8-openjdk-amd64/jre/bin/java
55bee7e6b000-55bee7e8c000 rw-p 00000000 00:00 0                          [heap]
7f5104000000-7f5104021000 rw-p 00000000 00:00 0 
7f5104021000-7f5108000000 ---p 00000000 00:00 0 
7f5108000000-7f510803e000 rw-p 00000000 00:00 0 
7f510803e000-7f510c000000 ---p 00000000 00:00 0 
7f510e3d4000-7f510e514000 rw-p 00000000 00:00 0 
7f510e514000-7f510e5d4000 ---p 00000000 00:00 0 
7f510e5d4000-7f510e7d4000 rw-p 00000000 00:00 0 
7f510e7d4000-7f510e9d4000 rw-p 00000000 00:00 0 
7f510e9d4000-7f510ebd4000 rw-p 00000000 00:00 0 
7f510ebd4000-7f510edd4000 rw-p 00000000 00:00 0 
7f510edd4000-7f510efd4000 rw-p 00000000 00:00 0 
7f510efd4000-7f510f1d4000 rw-p 00000000 00:00 0 
7f510f1d4000-7f510f3d4000 rw-p 00000000 00:00 0 
7f510f3d4000-7f510f3fc000 r-xp 00000000 08:01 657517                     /usr/lib/jvm/java-8-openjdk-amd64/jre/lib/amd64/libsunec.so
7f510f3fc000-7f510f5fb000 ---p 00028000 08:01 657517                     /usr/lib/jvm/java-8-openjdk-amd64/jre/lib/amd64/libsunec.so
7f510f5fb000-7f510f5ff000 r--p 00027000 08:01 657517                     /usr/lib/jvm/java-8-openjdk-amd64/jre/lib/amd64/libsunec.so
7f510f5ff000-7f510f600000 rw-p 0002b000 08:01 657517                     /usr/lib/jvm/java-8-openjdk-amd64/jre/lib/amd64/libsunec.so
7f510f600000-7f510f800000 rw-p 00000000 00:00 0 
7f510f800000-7f510fa00000 rw-p 00000000 00:00 0 
7f510fa00000-7f510fc00000 rw-p 00000000 00:00 0 
7f510fc00000-7f510fe00000 rw-p 00000000 00:00 0 
7f510fe00000-7f5110000000 rw-p 00000000 00:00 0 
7f5110000000-7f5110021000 rw-p 00000000 00:00 0 
7f5110021000-7f5114000000 ---p 00000000 00:00 0 
7f5114000000-7f5114461000 rw-p 00000000 00:00 0 
7f5114461000-7f5118000000 ---p 00000000 00:00 0 
7f5118000000-7f5118021000 rw-p 00000000 00:00 0 
7f5118021000-7f511c000000 ---p 00000000 00:00 0 
7f511c000000-7f511c021000 rw-p 00000000 00:00 0 
7f511c021000-7f5120000000 ---p 00000000 00:00 0 
7f5120000000-7f51217fb000 rw-p 00000000 00:00 0 
7f51217fb000-7f5124000000 ---p 00000000 00:00 0 
7f5124000000-7f5125258000 rw-p 00000000 00:00 0 
7f5125258000-7f5128000000 ---p 00000000 00:00 0 
7f5128000000-7f5128021000 rw-p 00000000 00:00 0 
7f5128021000-7f512c000000 ---p 00000000 00:00 0 
7f512c000000-7f512dcc3000 rw-p 00000000 00:00 0 
7f512dcc3000-7f5130000000 ---p 00000000 00:00 0 
7f5130000000-7f5130021000 rw-p 00000000 00:00 0 
7f5130021000-7f5134000000 ---p 00000000 00:00 0 
7f5134000000-7f5134021000 rw-p 00000000 00:00 0 
7f5134021000-7f5138000000 ---p 00000000 00:00 0 
7f5138000000-7f5138021000 rw-p 00000000 00:00 0 
7f5138021000-7f513c000000 ---p 00000000 00:00 0 
7f513c000000-7f513c092000 rw-p 00000000 00:00 0 
7f513c092000-7f5140000000 ---p 00000000 00:00 0 
7f5140000000-7f5140021000 rw-p 00000000 00:00 0 
7f5140021000-7f5144000000 ---p 00000000 00:00 0 
7f51440f2000-7f51440f5000 ---p 00000000 00:00 0 
7f51440f5000-7f51443f3000 rw-p 00000000 00:00 0 
7f51443f3000-7f51443f6000 ---p 00000000 00:00 0 
7f51443f6000-7f51446f4000 rw-p 00000000 00:00 0 
7f51446f4000-7f51448f4000 rw-p 00000000 00:00 0 
7f51448f4000-7f5144af4000 rw-p 00000000 00:00 0 
7f5144af4000-7f5144afd000 r-xp 00000000 08:01 657497                     /usr/lib/jvm/java-8-openjdk-amd64/jre/lib/amd64/libmanagement.so
7f5144afd000-7f5144cfc000 ---p 00009000 08:01 657497                     /usr/lib/jvm/java-8-openjdk-amd64/jre/lib/amd64/libmanagement.so
7f5144cfc000-7f5144cfd000 r--p 00008000 08:01 657497                     /usr/lib/jvm/java-8-openjdk-amd64/jre/lib/amd64/libmanagement.so
7f5144cfd000-7f5144cfe000 rw-p 00009000 08:01 657497                     /usr/lib/jvm/java-8-openjdk-amd64/jre/lib/amd64/libmanagement.so
7f5144cfe000-7f5144d01000 ---p 00000000 00:00 0 
7f5144d01000-7f5144fff000 rw-p 00000000 00:00 0 
7f5144fff000-7f5148000000 rw-p 00000000 00:00 0 
7f5148000000-7f5148021000 rw-p 00000000 00:00 0 
7f5148021000-7f514c000000 ---p 00000000 00:00 0 
7f514c0b7000-7f514c2b7000 rw-p 00000000 00:00 0 
7f514c2b7000-7f514c2c8000 r-xp 00000000 08:01 657505                     /usr/lib/jvm/java-8-openjdk-amd64/jre/lib/amd64/libnio.so
7f514c2c8000-7f514c4c7000 ---p 00011000 08:01 657505                     /usr/lib/jvm/java-8-openjdk-amd64/jre/lib/amd64/libnio.so
7f514c4c7000-7f514c4c8000 r--p 00010000 08:01 657505                     /usr/lib/jvm/java-8-openjdk-amd64/jre/lib/amd64/libnio.so
7f514c4c8000-7f514c4c9000 rw-p 00011000 08:01 657505                     /usr/lib/jvm/java-8-openjdk-amd64/jre/lib/amd64/libnio.so
7f514c51b000-7f514c51d000 r--s 00016000 08:01 524947                     /usr/lib/jvm/java-8-openjdk-amd64/jre/lib/jce.jar
7f514c51d000-7f514c522000 r--s 000a3000 08:01 524949                     /usr/lib/jvm/java-8-openjdk-amd64/jre/lib/jsse.jar
7f514c522000-7f514c525000 ---p 00000000 00:00 0 
7f514c525000-7f514c623000 rw-p 00000000 00:00 0 
7f514c623000-7f514c639000 r-xp 00000000 08:01 657503                     /usr/lib/jvm/java-8-openjdk-amd64/jre/lib/amd64/libnet.so
7f514c639000-7f514c838000 ---p 00016000 08:01 657503                     /usr/lib/jvm/java-8-openjdk-amd64/jre/lib/amd64/libnet.so
7f514c838000-7f514c839000 r--p 00015000 08:01 657503                     /usr/lib/jvm/java-8-openjdk-amd64/jre/lib/amd64/libnet.so
7f514c839000-7f514c83a000 rw-p 00016000 08:01 657503                     /usr/lib/jvm/java-8-openjdk-amd64/jre/lib/amd64/libnet.so
7f514c83a000-7f514c85e000 r--s 00112000 08:01 10756437                   /home/nidhro/.m2/repository/org/springframework/boot/spring-boot-autoconfigure/2.1.7.RELEASE/spring-boot-autoconfigure-2.1.7.RELEASE.jar
7f514c85e000-7f514c873000 r--s 000d5000 08:01 10756435                   /home/nidhro/.m2/repository/org/springframework/boot/spring-boot/2.1.7.RELEASE/spring-boot-2.1.7.RELEASE.jar
7f514c873000-7f514c879000 r--s 0002e000 08:01 6299753                    /home/nidhro/.m2/repository/org/springframework/boot/spring-boot-devtools/2.1.4.RELEASE/spring-boot-devtools-2.1.4.RELEASE.jar
7f514c879000-7f514c885000 r--s 0005e000 08:01 9057172                    /home/nidhro/.m2/repository/org/springframework/security/spring-security-core/5.1.6.RELEASE/spring-security-core-5.1.6.RELEASE.jar
7f514c885000-7f514c889000 r--s 0000e000 08:01 9057170                    /home/nidhro/.m2/repository/org/springframework/security/spring-security-test/5.1.6.RELEASE/spring-security-test-5.1.6.RELEASE.jar
7f514c889000-7f514c88e000 r--s 00025000 08:01 3147867                    /home/nidhro/.m2/repository/org/xmlunit/xmlunit-core/2.6.3/xmlunit-core-2.6.3.jar
7f514c88e000-7f514c89c000 r--s 0008a000 08:01 10756489                   /home/nidhro/.m2/repository/org/springframework/spring-test/5.1.9.RELEASE/spring-test-5.1.9.RELEASE.jar
7f514c89c000-7f514c89d000 r--s 00005000 08:01 10756487                   /home/nidhro/.m2/repository/org/springframework/spring-jcl/5.1.9.RELEASE/spring-jcl-5.1.9.RELEASE.jar
7f514c89d000-7f514c8b6000 r--s 00123000 08:01 10756485                   /home/nidhro/.m2/repository/org/springframework/spring-core/5.1.9.RELEASE/spring-core-5.1.9.RELEASE.jar
7f514c8b6000-7f514c8b7000 r--s 00004000 08:01 9175953                    /home/nidhro/.m2/repository/com/vaadin/external/google/android-json/0.0.20131108.vaadin1/android-json-0.0.20131108.vaadin1.jar
7f514c8b7000-7f514c8b9000 r--s 00006000 08:01 3147605                    /home/nidhro/.m2/repository/org/skyscreamer/jsonassert/1.5.0/jsonassert-1.5.0.jar
7f514c8b9000-7f514c8ba000 r--s 0000c000 08:01 9175951                    /home/nidhro/.m2/repository/org/hamcrest/hamcrest-library/1.3/hamcrest-library-1.3.jar
7f514c8ba000-7f514c8bc000 r--s 00009000 08:01 6161678                    /home/nidhro/.m2/repository/org/hamcrest/hamcrest-core/1.3/hamcrest-core-1.3.jar
7f514c8bc000-7f514c8be000 r--s 0000c000 08:01 3147603                    /home/nidhro/.m2/repository/org/objenesis/objenesis/2.6/objenesis-2.6.jar
7f514c8be000-7f514c8c1000 r--s 0003a000 08:01 10756483                   /home/nidhro/.m2/repository/net/bytebuddy/byte-buddy-agent/1.9.16/byte-buddy-agent-1.9.16.jar
7f514c8c1000-7f514c8d1000 r--s 0007a000 08:01 3415328                    /home/nidhro/.m2/repository/org/mockito/mockito-core/2.23.4/mockito-core-2.23.4.jar
7f514c8d1000-7f514c92c000 r--s 0038b000 08:01 3415326                    /home/nidhro/.m2/repository/org/assertj/assertj-core/3.11.1/assertj-core-3.11.1.jar
7f514c92c000-7f514c934000 r--s 00045000 08:01 3410748                    /home/nidhro/.m2/repository/junit/junit/4.12/junit-4.12.jar
7f514c934000-7f514c936000 r--s 0000c000 08:01 9175963                    /home/nidhro/.m2/repository/org/ow2/asm/asm/5.0.4/asm-5.0.4.jar
7f514c936000-7f514c938000 r--s 00006000 08:01 9175961                    /home/nidhro/.m2/repository/net/minidev/accessors-smart/1.2/accessors-smart-1.2.jar
7f514c938000-7f514c93b000 r--s 0001b000 08:01 9175959                    /home/nidhro/.m2/repository/net/minidev/json-smart/2.3/json-smart-2.3.jar
7f514c93b000-7f514c941000 r--s 00031000 08:01 9175957                    /home/nidhro/.m2/repository/com/jayway/jsonpath/json-path/2.4.0/json-path-2.4.0.jar
7f514c941000-7f514c948000 r--s 00024000 08:01 10756479                   /home/nidhro/.m2/repository/org/springframework/boot/spring-boot-test-autoconfigure/2.1.7.RELEASE/spring-boot-test-autoconfigure-2.1.7.RELEASE.jar
7f514c948000-7f514c94e000 r--s 0002b000 08:01 10756477                   /home/nidhro/.m2/repository/org/springframework/boot/spring-boot-test/2.1.7.RELEASE/spring-boot-test-2.1.7.RELEASE.jar
7f514c94e000-7f514c94f000 r--s 00000000 08:01 10756475                   /home/nidhro/.m2/repository/org/springframework/boot/spring-boot-starter-test/2.1.7.RELEASE/spring-boot-starter-test-2.1.7.RELEASE.jar
7f514c94f000-7f514c95a000 r--s 000c3000 08:01 2767096                    /home/nidhro/.m2/repository/org/postgresql/postgresql/42.2.6/postgresql-42.2.6.jar
7f514c95a000-7f514c969000 r--s 000b5000 08:01 10756467                   /home/nidhro/.m2/repository/org/springframework/spring-webmvc/5.1.9.RELEASE/spring-webmvc-5.1.9.RELEASE.jar
7f514c969000-7f514c985000 r--s 00137000 08:01 10756463                   /home/nidhro/.m2/repository/org/springframework/spring-web/5.1.9.RELEASE/spring-web-5.1.9.RELEASE.jar
7f514c985000-7f514c98a000 r--s 00012000 08:01 6161096                    /home/nidhro/.m2/repository/javax/validation/validation-api/2.0.1.Final/validation-api-2.0.1.Final.jar
7f514c98a000-7f514c9a7000 r--s 000fe000 08:01 10756461                   /home/nidhro/.m2/repository/org/hibernate/validator/hibernate-validator/6.0.17.Final/hibernate-validator-6.0.17.Final.jar
7f514c9a7000-7f514c9ac000 r--s 0003c000 08:01 10756459                   /home/nidhro/.m2/repository/org/apache/tomcat/embed/tomcat-embed-websocket/9.0.22/tomcat-embed-websocket-9.0.22.jar
7f514c9ac000-7f514c9b1000 r--s 00039000 08:01 10756457                   /home/nidhro/.m2/repository/org/apache/tomcat/embed/tomcat-embed-el/9.0.22/tomcat-embed-el-9.0.22.jar
7f514c9b1000-7f514c9dc000 r--s 00307000 08:01 10756455                   /home/nidhro/.m2/repository/org/apache/tomcat/embed/tomcat-embed-core/9.0.22/tomcat-embed-core-9.0.22.jar
7f514c9dc000-7f514c9dd000 r--s 00000000 08:01 10756453                   /home/nidhro/.m2/repository/org/springframework/boot/spring-boot-starter-tomcat/2.1.7.RELEASE/spring-boot-starter-tomcat-2.1.7.RELEASE.jar
7f514c9dd000-7f514c9df000 r--s 00001000 08:01 10756451                   /home/nidhro/.m2/repository/com/fasterxml/jackson/module/jackson-module-parameter-names/2.9.9/jackson-module-parameter-names-2.9.9.jar
7f514c9df000-7f514c9e2000 r--s 00016000 08:01 10756449                   /home/nidhro/.m2/repository/com/fasterxml/jackson/datatype/jackson-datatype-jsr310/2.9.9/jackson-datatype-jsr310-2.9.9.jar
7f514c9e2000-7f514c9e4000 r--s 00007000 08:01 10756447                   /home/nidhro/.m2/repository/com/fasterxml/jackson/datatype/jackson-datatype-jdk8/2.9.9/jackson-datatype-jdk8-2.9.9.jar
7f514c9e4000-7f514c9e8000 r--s 0004c000 08:01 10756445                   /home/nidhro/.m2/repository/com/fasterxml/jackson/core/jackson-core/2.9.9/jackson-core-2.9.9.jar
7f514c9e8000-7f514c9eb000 r--s 0000e000 08:01 6424323                    /home/nidhro/.m2/repository/com/fasterxml/jackson/core/jackson-annotations/2.9.0/jackson-annotations-2.9.0.jar
7f514c9eb000-7f514c9fe000 r--s 00137000 08:01 10756443                   /home/nidhro/.m2/repository/com/fasterxml/jackson/core/jackson-databind/2.9.9/jackson-databind-2.9.9.jar
7f514c9fe000-7f514c9ff000 r--s 00000000 08:01 10756441                   /home/nidhro/.m2/repository/org/springframework/boot/spring-boot-starter-json/2.1.7.RELEASE/spring-boot-starter-json-2.1.7.RELEASE.jar
7f514c9ff000-7f514ca00000 r--s 00000000 08:01 10756431                   /home/nidhro/.m2/repository/org/springframework/boot/spring-boot-starter-web/2.1.7.RELEASE/spring-boot-starter-web-2.1.7.RELEASE.jar
7f514ca00000-7f514ca01000 r--s 00009000 08:01 10756916                   /home/nidhro/.m2/repository/org/thymeleaf/extras/thymeleaf-extras-java8time/3.0.4.RELEASE/thymeleaf-extras-java8time-3.0.4.RELEASE.jar
7f514ca01000-7f514ca04000 r--s 00028000 08:01 6426835                    /home/nidhro/.m2/repository/org/unbescape/unbescape/1.1.6.RELEASE/unbescape-1.1.6.RELEASE.jar
7f514ca04000-7f514ca09000 r--s 00037000 08:01 6426833                    /home/nidhro/.m2/repository/org/attoparser/attoparser/2.0.5.RELEASE/attoparser-2.0.5.RELEASE.jar
7f514ca09000-7f514ca19000 r--s 000c5000 08:01 6426831                    /home/nidhro/.m2/repository/org/thymeleaf/thymeleaf/3.0.11.RELEASE/thymeleaf-3.0.11.RELEASE.jar
7f514ca19000-7f514ca1e000 r--s 00027000 08:01 6426829                    /home/nidhro/.m2/repository/org/thymeleaf/thymeleaf-spring5/3.0.11.RELEASE/thymeleaf-spring5-3.0.11.RELEASE.jar
7f514ca1e000-7f514ca1f000 r--s 00000000 08:01 10756914                   /home/nidhro/.m2/repository/org/springframework/boot/spring-boot-starter-thymeleaf/2.1.7.RELEASE/spring-boot-starter-thymeleaf-2.1.7.RELEASE.jar
7f514ca1f000-7f514ca24000 r--s 00040000 08:01 10756473                   /home/nidhro/.m2/repository/org/springframework/spring-expression/5.1.9.RELEASE/spring-expression-5.1.9.RELEASE.jar
7f514ca24000-7f514ca33000 r--s 00075000 08:01 9057168                    /home/nidhro/.m2/repository/org/springframework/security/spring-security-web/5.1.6.RELEASE/spring-security-web-5.1.6.RELEASE.jar
7f514ca33000-7f514ca40000 r--s 000b1000 08:01 8925979                    /home/nidhro/.m2/repository/org/springframework/security/spring-security-config/5.1.6.RELEASE/spring-security-config-5.1.6.RELEASE.jar
7f514ca40000-7f514ca4a000 r--s 00051000 08:01 10756469                   /home/nidhro/.m2/repository/org/springframework/spring-aop/5.1.9.RELEASE/spring-aop-5.1.9.RELEASE.jar
7f514ca4a000-7f514ca4b000 r--s 00000000 08:01 8528292                    /home/nidhro/.m2/repository/org/springframework/boot/spring-boot-starter-security/2.1.7.RELEASE/spring-boot-starter-security-2.1.7.RELEASE.jar
7f514ca4b000-7f514ca54000 r--s 0005a000 08:01 7479395                    /home/nidhro/.m2/repository/org/springframework/spring-jdbc/5.1.9.RELEASE/spring-jdbc-5.1.9.RELEASE.jar
7f514ca54000-7f514ca58000 r--s 00020000 08:01 7082066                    /home/nidhro/.m2/repository/com/zaxxer/HikariCP/3.2.0/HikariCP-3.2.0.jar
7f514ca58000-7f514ca5f000 r--s 00043000 08:01 7082064                    /home/nidhro/.m2/repository/org/yaml/snakeyaml/1.23/snakeyaml-1.23.jar
7f514ca5f000-7f514ca61000 r--s 00005000 08:01 6161080                    /home/nidhro/.m2/repository/javax/annotation/javax.annotation-api/1.3.2/javax.annotation-api-1.3.2.jar
7f514ca61000-7f514ca63000 r--s 00000000 08:01 6299741                    /home/nidhro/.m2/repository/org/slf4j/jul-to-slf4j/1.7.26/jul-to-slf4j-1.7.26.jar
7f514ca63000-7f514ca69000 r--s 0003c000 08:01 7471892                    /home/nidhro/.m2/repository/org/apache/logging/log4j/log4j-api/2.11.2/log4j-api-2.11.2.jar
7f514ca69000-7f514ca6b000 r--s 00003000 08:01 7471890                    /home/nidhro/.m2/repository/org/apache/logging/log4j/log4j-to-slf4j/2.11.2/log4j-to-slf4j-2.11.2.jar
7f514ca6b000-7f514ca76000 r--s 00069000 08:01 5901116                    /home/nidhro/.m2/repository/ch/qos/logback/logback-core/1.2.3/logback-core-1.2.3.jar
7f514ca76000-7f514ca7c000 r--s 00041000 08:01 4852826                    /home/nidhro/.m2/repository/ch/qos/logback/logback-classic/1.2.3/logback-classic-1.2.3.jar
7f514ca7c000-7f514ca7d000 r--s 00000000 08:01 10756439                   /home/nidhro/.m2/repository/org/springframework/boot/spring-boot-starter-logging/2.1.7.RELEASE/spring-boot-starter-logging-2.1.7.RELEASE.jar
7f514ca7d000-7f514ca7e000 r--s 00000000 08:01 10756433                   /home/nidhro/.m2/repository/org/springframework/boot/spring-boot-starter/2.1.7.RELEASE/spring-boot-starter-2.1.7.RELEASE.jar
7f514ca7e000-7f514ca80000 r--s 0000a000 08:01 8397217                    /home/nidhro/.m2/repository/org/springframework/spring-aspects/5.1.9.RELEASE/spring-aspects-5.1.9.RELEASE.jar
7f514ca80000-7f514ca82000 r--s 00009000 08:01 6299733                    /home/nidhro/.m2/repository/org/slf4j/slf4j-api/1.7.26/slf4j-api-1.7.26.jar
7f514ca82000-7f514ca8e000 r--s 00099000 08:01 10756465                   /home/nidhro/.m2/repository/org/springframework/spring-beans/5.1.9.RELEASE/spring-beans-5.1.9.RELEASE.jar
7f514ca8e000-7f514ca96000 r--s 00037000 08:01 8925977                    /home/nidhro/.m2/repository/org/springframework/spring-tx/5.1.9.RELEASE/spring-tx-5.1.9.RELEASE.jar
7f514ca96000-7f514cab0000 r--s 000f4000 08:01 10756471                   /home/nidhro/.m2/repository/org/springframework/spring-context/5.1.9.RELEASE/spring-context-5.1.9.RELEASE.jar
7f514cab0000-7f514cab4000 r--s 0002d000 08:01 7479391                    /home/nidhro/.m2/repository/org/springframework/spring-orm/5.1.9.RELEASE/spring-orm-5.1.9.RELEASE.jar
7f514cab4000-7f514cacd000 r--s 00107000 08:01 9057166                    /home/nidhro/.m2/repository/org/springframework/data/spring-data-commons/2.1.10.RELEASE/spring-data-commons-2.1.10.RELEASE.jar
7f514cacd000-7f514cad6000 r--s 00050000 08:01 9057154                    /home/nidhro/.m2/repository/org/springframework/data/spring-data-jpa/2.1.10.RELEASE/spring-data-jpa-2.1.10.RELEASE.jar
7f514cad6000-7f514cad9000 r--s 00010000 08:01 6426811                    /home/nidhro/.m2/repository/org/hibernate/common/hibernate-commons-annotations/5.0.4.Final/hibernate-commons-annotations-5.0.4.Final.jar
7f514cad9000-7f514cade000 r--s 0004b000 08:01 3281278                    /home/nidhro/.m2/repository/org/dom4j/dom4j/2.1.1/dom4j-2.1.1.jar
7f514cade000-7f514cae1000 r--s 0002b000 08:01 6426809                    /home/nidhro/.m2/repository/org/jboss/jandex/2.0.5.Final/jandex-2.0.5.Final.jar
7f514cae1000-7f514cb29000 r--s 002de000 08:01 10756481                   /home/nidhro/.m2/repository/net/bytebuddy/byte-buddy/1.9.16/byte-buddy-1.9.16.jar
7f514cb29000-7f514cbab000 r--s 00627000 08:01 8925975                    /home/nidhro/.m2/repository/org/hibernate/hibernate-core/5.3.10.Final/hibernate-core-5.3.10.Final.jar
7f514cbab000-7f514cbac000 ---p 00000000 00:00 0 
7f514cbac000-7f514ccac000 rw-p 00000000 00:00 0 
7f514ccac000-7f514ccaf000 ---p 00000000 00:00 0 
7f514ccaf000-7f514cdad000 rw-p 00000000 00:00 0 
7f514cdad000-7f514cdae000 ---p 00000000 00:00 0 
7f514cdae000-7f514cdb1000 ---p 00000000 00:00 0 
7f514cdb1000-7f514ceae000 rw-p 00000000 00:00 0 
7f514ceae000-7f514ceaf000 ---p 00000000 00:00 0 
7f514ceaf000-7f514ceb2000 ---p 00000000 00:00 0 
7f514ceb2000-7f514cfaf000 rw-p 00000000 00:00 0 
7f514cfaf000-7f514cfb0000 ---p 00000000 00:00 0 
7f514cfb0000-7f514cfb3000 ---p 00000000 00:00 0 
7f514cfb3000-7f514d0b0000 rw-p 00000000 00:00 0 
7f514d0b0000-7f514d0b3000 ---p 00000000 00:00 0 
7f514d0b3000-7f514d1b1000 rw-p 00000000 00:00 0 
7f514d1b1000-7f514d4e3000 r--p 00000000 08:01 394613                     /usr/lib/locale/locale-archive
7f514d4e3000-7f514d4e6000 ---p 00000000 00:00 0 
7f514d4e6000-7f514d5e4000 rw-p 00000000 00:00 0 
7f514d5e4000-7f514d5e7000 ---p 00000000 00:00 0 
7f514d5e7000-7f514d6e5000 rw-p 00000000 00:00 0 
7f514d6e5000-7f514d6e6000 ---p 00000000 00:00 0 
7f514d6e6000-7f5150000000 rw-p 00000000 00:00 0 
7f5150000000-7f5150021000 rw-p 00000000 00:00 0 
7f5150021000-7f5154000000 ---p 00000000 00:00 0 
7f5154000000-7f5154002000 r--s 0000f000 08:01 7082096                    /home/nidhro/.m2/repository/com/fasterxml/classmate/1.4.0/classmate-1.4.0.jar
7f5154002000-7f5154007000 r--s 00068000 08:01 6292232                    /home/nidhro/.m2/repository/antlr/antlr/2.7.7/antlr-2.7.7.jar
7f5154007000-7f5154012000 r--s 000b2000 08:01 3673054                    /home/nidhro/.m2/repository/org/javassist/javassist/3.23.2-GA/javassist-3.23.2-GA.jar
7f5154012000-7f5154018000 r--s 00023000 08:01 6426807                    /home/nidhro/.m2/repository/javax/persistence/javax.persistence-api/2.2/javax.persistence-api-2.2.jar
7f5154018000-7f515401a000 r--s 0000f000 08:01 6161098                    /home/nidhro/.m2/repository/org/jboss/logging/jboss-logging/3.3.2.Final/jboss-logging-3.3.2.Final.jar
7f515401a000-7f5154033000 r--s 001da000 08:01 7479389                    /home/nidhro/.m2/repository/org/aspectj/aspectjweaver/1.9.4/aspectjweaver-1.9.4.jar
7f5154033000-7f515403d000 r--s 00116000 08:01 657558                     /usr/lib/jvm/java-8-openjdk-amd64/jre/lib/ext/localedata.jar
7f515403d000-7f5154058000 r--s 00394000 08:01 657546                     /usr/lib/jvm/java-8-openjdk-amd64/jre/lib/ext/cldrdata.jar
7f5154058000-7f5154073000 r--s 001d6000 08:01 657561                     /usr/lib/jvm/java-8-openjdk-amd64/jre/lib/ext/nashorn.jar
7f5154073000-7f51545ba000 rw-p 00000000 00:00 0 
7f51545ba000-7f515478a000 r--s 03c5c000 08:01 525124                     /usr/lib/jvm/java-8-openjdk-amd64/jre/lib/rt.jar
7f515478a000-7f5155000000 rw-p 00000000 00:00 0 
7f5155000000-7f5155d40000 rwxp 00000000 00:00 0 
7f5155d40000-7f5164000000 ---p 00000000 00:00 0 
7f5164000000-7f516563d000 rw-p 00000000 00:00 0 
7f516563d000-7f5168000000 ---p 00000000 00:00 0 
7f5168000000-7f5168001000 r--s 00000000 08:01 7479393                    /home/nidhro/.m2/repository/org/springframework/boot/spring-boot-starter-jdbc/2.1.7.RELEASE/spring-boot-starter-jdbc-2.1.7.RELEASE.jar
7f5168001000-7f5168251000 rw-p 00000000 00:00 0 
7f5168251000-7f5168252000 ---p 00000000 00:00 0 
7f5168252000-7f5168352000 rw-p 00000000 00:00 0 
7f5168352000-7f5168353000 ---p 00000000 00:00 0 
7f5168353000-7f5168453000 rw-p 00000000 00:00 0 
7f5168453000-7f5168454000 ---p 00000000 00:00 0 
7f5168454000-7f5168554000 rw-p 00000000 00:00 0 
7f5168554000-7f5168555000 ---p 00000000 00:00 0 
7f5168555000-7f516866d000 rw-p 00000000 00:00 0 
7f516866d000-7f5168796000 ---p 00000000 00:00 0 
7f5168796000-7f51687ae000 rw-p 00000000 00:00 0 
7f51687ae000-7f51688d6000 ---p 00000000 00:00 0 
7f51688d6000-7f5168936000 rw-p 00000000 00:00 0 
7f5168936000-7f5168977000 ---p 00000000 00:00 0 
7f5168977000-7f51689ad000 rw-p 00000000 00:00 0 
7f51689ad000-7f5168d38000 ---p 00000000 00:00 0 
7f5168d38000-7f5168d40000 r-xp 00000000 08:01 657526                     /usr/lib/jvm/java-8-openjdk-amd64/jre/lib/amd64/libzip.so
7f5168d40000-7f5168f3f000 ---p 00008000 08:01 657526                     /usr/lib/jvm/java-8-openjdk-amd64/jre/lib/amd64/libzip.so
7f5168f3f000-7f5168f40000 r--p 00007000 08:01 657526                     /usr/lib/jvm/java-8-openjdk-amd64/jre/lib/amd64/libzip.so
7f5168f40000-7f5168f41000 rw-p 00008000 08:01 657526                     /usr/lib/jvm/java-8-openjdk-amd64/jre/lib/amd64/libzip.so
7f5168f41000-7f5168f4c000 r-xp 00000000 08:01 13633157                   /lib/x86_64-linux-gnu/libnss_files-2.27.so
7f5168f4c000-7f516914b000 ---p 0000b000 08:01 13633157                   /lib/x86_64-linux-gnu/libnss_files-2.27.so
7f516914b000-7f516914c000 r--p 0000a000 08:01 13633157                   /lib/x86_64-linux-gnu/libnss_files-2.27.so
7f516914c000-7f516914d000 rw-p 0000b000 08:01 13633157                   /lib/x86_64-linux-gnu/libnss_files-2.27.so
7f516914d000-7f5169153000 rw-p 00000000 00:00 0 
7f5169153000-7f516916a000 r-xp 00000000 08:01 13633154                   /lib/x86_64-linux-gnu/libnsl-2.27.so
7f516916a000-7f5169369000 ---p 00017000 08:01 13633154                   /lib/x86_64-linux-gnu/libnsl-2.27.so
7f5169369000-7f516936a000 r--p 00016000 08:01 13633154                   /lib/x86_64-linux-gnu/libnsl-2.27.so
7f516936a000-7f516936b000 rw-p 00017000 08:01 13633154                   /lib/x86_64-linux-gnu/libnsl-2.27.so
7f516936b000-7f516936d000 rw-p 00000000 00:00 0 
7f516936d000-7f5169378000 r-xp 00000000 08:01 13633159                   /lib/x86_64-linux-gnu/libnss_nis-2.27.so
7f5169378000-7f5169577000 ---p 0000b000 08:01 13633159                   /lib/x86_64-linux-gnu/libnss_nis-2.27.so
7f5169577000-7f5169578000 r--p 0000a000 08:01 13633159                   /lib/x86_64-linux-gnu/libnss_nis-2.27.so
7f5169578000-7f5169579000 rw-p 0000b000 08:01 13633159                   /lib/x86_64-linux-gnu/libnss_nis-2.27.so
7f5169579000-7f5169581000 r-xp 00000000 08:01 13633155                   /lib/x86_64-linux-gnu/libnss_compat-2.27.so
7f5169581000-7f5169781000 ---p 00008000 08:01 13633155                   /lib/x86_64-linux-gnu/libnss_compat-2.27.so
7f5169781000-7f5169782000 r--p 00008000 08:01 13633155                   /lib/x86_64-linux-gnu/libnss_compat-2.27.so
7f5169782000-7f5169783000 rw-p 00009000 08:01 13633155                   /lib/x86_64-linux-gnu/libnss_compat-2.27.so
7f5169783000-7f51697ad000 r-xp 00000000 08:01 657470                     /usr/lib/jvm/java-8-openjdk-amd64/jre/lib/amd64/libjava.so
7f51697ad000-7f51699ac000 ---p 0002a000 08:01 657470                     /usr/lib/jvm/java-8-openjdk-amd64/jre/lib/amd64/libjava.so
7f51699ac000-7f51699ad000 r--p 00029000 08:01 657470                     /usr/lib/jvm/java-8-openjdk-amd64/jre/lib/amd64/libjava.so
7f51699ad000-7f51699af000 rw-p 0002a000 08:01 657470                     /usr/lib/jvm/java-8-openjdk-amd64/jre/lib/amd64/libjava.so
7f51699af000-7f51699bf000 r-xp 00000000 08:01 657523                     /usr/lib/jvm/java-8-openjdk-amd64/jre/lib/amd64/libverify.so
7f51699bf000-7f5169bbe000 ---p 00010000 08:01 657523                     /usr/lib/jvm/java-8-openjdk-amd64/jre/lib/amd64/libverify.so
7f5169bbe000-7f5169bc0000 r--p 0000f000 08:01 657523                     /usr/lib/jvm/java-8-openjdk-amd64/jre/lib/amd64/libverify.so
7f5169bc0000-7f5169bc1000 rw-p 00011000 08:01 657523                     /usr/lib/jvm/java-8-openjdk-amd64/jre/lib/amd64/libverify.so
7f5169bc1000-7f5169bc8000 r-xp 00000000 08:01 13633164                   /lib/x86_64-linux-gnu/librt-2.27.so
7f5169bc8000-7f5169dc7000 ---p 00007000 08:01 13633164                   /lib/x86_64-linux-gnu/librt-2.27.so
7f5169dc7000-7f5169dc8000 r--p 00006000 08:01 13633164                   /lib/x86_64-linux-gnu/librt-2.27.so
7f5169dc8000-7f5169dc9000 rw-p 00007000 08:01 13633164                   /lib/x86_64-linux-gnu/librt-2.27.so
7f5169dc9000-7f5169de0000 r-xp 00000000 08:01 13643803                   /lib/x86_64-linux-gnu/libgcc_s.so.1
7f5169de0000-7f5169fdf000 ---p 00017000 08:01 13643803                   /lib/x86_64-linux-gnu/libgcc_s.so.1
7f5169fdf000-7f5169fe0000 r--p 00016000 08:01 13643803                   /lib/x86_64-linux-gnu/libgcc_s.so.1
7f5169fe0000-7f5169fe1000 rw-p 00017000 08:01 13643803                   /lib/x86_64-linux-gnu/libgcc_s.so.1
7f5169fe1000-7f516a17e000 r-xp 00000000 08:01 13633151                   /lib/x86_64-linux-gnu/libm-2.27.so
7f516a17e000-7f516a37d000 ---p 0019d000 08:01 13633151                   /lib/x86_64-linux-gnu/libm-2.27.so
7f516a37d000-7f516a37e000 r--p 0019c000 08:01 13633151                   /lib/x86_64-linux-gnu/libm-2.27.so
7f516a37e000-7f516a37f000 rw-p 0019d000 08:01 13633151                   /lib/x86_64-linux-gnu/libm-2.27.so
7f516a37f000-7f516a4f8000 r-xp 00000000 08:01 395106                     /usr/lib/x86_64-linux-gnu/libstdc++.so.6.0.25
7f516a4f8000-7f516a6f8000 ---p 00179000 08:01 395106                     /usr/lib/x86_64-linux-gnu/libstdc++.so.6.0.25
7f516a6f8000-7f516a702000 r--p 00179000 08:01 395106                     /usr/lib/x86_64-linux-gnu/libstdc++.so.6.0.25
7f516a702000-7f516a704000 rw-p 00183000 08:01 395106                     /usr/lib/x86_64-linux-gnu/libstdc++.so.6.0.25
7f516a704000-7f516a708000 rw-p 00000000 00:00 0 
7f516a708000-7f516b3a7000 r-xp 00000000 08:01 657532                     /usr/lib/jvm/java-8-openjdk-amd64/jre/lib/amd64/server/libjvm.so
7f516b3a7000-7f516b5a7000 ---p 00c9f000 08:01 657532                     /usr/lib/jvm/java-8-openjdk-amd64/jre/lib/amd64/server/libjvm.so
7f516b5a7000-7f516b63b000 r--p 00c9f000 08:01 657532                     /usr/lib/jvm/java-8-openjdk-amd64/jre/lib/amd64/server/libjvm.so
7f516b63b000-7f516b664000 rw-p 00d33000 08:01 657532                     /usr/lib/jvm/java-8-openjdk-amd64/jre/lib/amd64/server/libjvm.so
7f516b664000-7f516b694000 rw-p 00000000 00:00 0 
7f516b694000-7f516b6ae000 r-xp 00000000 08:01 13633162                   /lib/x86_64-linux-gnu/libpthread-2.27.so
7f516b6ae000-7f516b8ad000 ---p 0001a000 08:01 13633162                   /lib/x86_64-linux-gnu/libpthread-2.27.so
7f516b8ad000-7f516b8ae000 r--p 00019000 08:01 13633162                   /lib/x86_64-linux-gnu/libpthread-2.27.so
7f516b8ae000-7f516b8af000 rw-p 0001a000 08:01 13633162                   /lib/x86_64-linux-gnu/libpthread-2.27.so
7f516b8af000-7f516b8b3000 rw-p 00000000 00:00 0 
7f516b8b3000-7f516b8b6000 r-xp 00000000 08:01 13633150                   /lib/x86_64-linux-gnu/libdl-2.27.so
7f516b8b6000-7f516bab5000 ---p 00003000 08:01 13633150                   /lib/x86_64-linux-gnu/libdl-2.27.so
7f516bab5000-7f516bab6000 r--p 00002000 08:01 13633150                   /lib/x86_64-linux-gnu/libdl-2.27.so
7f516bab6000-7f516bab7000 rw-p 00003000 08:01 13633150                   /lib/x86_64-linux-gnu/libdl-2.27.so
7f516bab7000-7f516bad3000 r-xp 00000000 08:01 13635939                   /lib/x86_64-linux-gnu/libz.so.1.2.11
7f516bad3000-7f516bcd2000 ---p 0001c000 08:01 13635939                   /lib/x86_64-linux-gnu/libz.so.1.2.11
7f516bcd2000-7f516bcd3000 r--p 0001b000 08:01 13635939                   /lib/x86_64-linux-gnu/libz.so.1.2.11
7f516bcd3000-7f516bcd4000 rw-p 0001c000 08:01 13635939                   /lib/x86_64-linux-gnu/libz.so.1.2.11
7f516bcd4000-7f516bebb000 r-xp 00000000 08:01 13633147                   /lib/x86_64-linux-gnu/libc-2.27.so
7f516bebb000-7f516c0bb000 ---p 001e7000 08:01 13633147                   /lib/x86_64-linux-gnu/libc-2.27.so
7f516c0bb000-7f516c0bf000 r--p 001e7000 08:01 13633147                   /lib/x86_64-linux-gnu/libc-2.27.so
7f516c0bf000-7f516c0c1000 rw-p 001eb000 08:01 13633147                   /lib/x86_64-linux-gnu/libc-2.27.so
7f516c0c1000-7f516c0c5000 rw-p 00000000 00:00 0 
7f516c0c5000-7f516c0d3000 r-xp 00000000 08:01 656086                     /usr/lib/jvm/java-8-openjdk-amd64/jre/lib/amd64/jli/libjli.so
7f516c0d3000-7f516c2d2000 ---p 0000e000 08:01 656086                     /usr/lib/jvm/java-8-openjdk-amd64/jre/lib/amd64/jli/libjli.so
7f516c2d2000-7f516c2d3000 r--p 0000d000 08:01 656086                     /usr/lib/jvm/java-8-openjdk-amd64/jre/lib/amd64/jli/libjli.so
7f516c2d3000-7f516c2d4000 rw-p 0000e000 08:01 656086                     /usr/lib/jvm/java-8-openjdk-amd64/jre/lib/amd64/jli/libjli.so
7f516c2d4000-7f516c2fb000 r-xp 00000000 08:01 13631866                   /lib/x86_64-linux-gnu/ld-2.27.so
7f516c2fb000-7f516c2fd000 r--s 0000c000 08:01 7212066                    /home/nidhro/.m2/repository/javax/activation/javax.activation-api/1.2.0/javax.activation-api-1.2.0.jar
7f516c2fd000-7f516c301000 r--s 0001c000 08:01 7212064                    /home/nidhro/.m2/repository/javax/xml/bind/jaxb-api/2.3.1/jaxb-api-2.3.1.jar
7f516c301000-7f516c302000 r--s 00006000 08:01 6426803                    /home/nidhro/.m2/repository/javax/transaction/javax.transaction-api/1.3/javax.transaction-api-1.3.jar
7f516c302000-7f516c3da000 rw-p 00000000 00:00 0 
7f516c3da000-7f516c3db000 ---p 00000000 00:00 0 
7f516c3db000-7f516c3de000 ---p 00000000 00:00 0 
7f516c3de000-7f516c4dd000 rw-p 00000000 00:00 0 
7f516c4dd000-7f516c4de000 r--s 00000000 08:01 7479387                    /home/nidhro/.m2/repository/org/springframework/boot/spring-boot-starter-aop/2.1.7.RELEASE/spring-boot-starter-aop-2.1.7.RELEASE.jar
7f516c4de000-7f516c4df000 r--s 00000000 08:01 7479385                    /home/nidhro/.m2/repository/org/springframework/boot/spring-boot-starter-data-jpa/2.1.7.RELEASE/spring-boot-starter-data-jpa-2.1.7.RELEASE.jar
7f516c4df000-7f516c4e0000 r--s 00010000 08:01 657577                     /usr/lib/jvm/java-8-openjdk-amd64/jre/lib/ext/zipfs.jar
7f516c4e0000-7f516c4e2000 r--s 00001000 08:01 657549                     /usr/lib/jvm/java-8-openjdk-amd64/jre/lib/ext/dnsns.jar
7f516c4e2000-7f516c4e7000 r--s 0003c000 08:01 657572                     /usr/lib/jvm/java-8-openjdk-amd64/jre/lib/ext/sunjce_provider.jar
7f516c4e7000-7f516c4ea000 r--s 0000f000 08:01 657550                     /usr/lib/jvm/java-8-openjdk-amd64/jre/lib/ext/icedtea-sound.jar
7f516c4ea000-7f516c4eb000 r--s 0000d000 08:01 657567                     /usr/lib/jvm/java-8-openjdk-amd64/jre/lib/ext/sunec.jar
7f516c4eb000-7f516c4ee000 r--s 00039000 08:01 657573                     /usr/lib/jvm/java-8-openjdk-amd64/jre/lib/ext/sunpkcs11.jar
7f516c4ee000-7f516c4ef000 r--s 0000a000 08:01 657553                     /usr/lib/jvm/java-8-openjdk-amd64/jre/lib/ext/jaccess.jar
7f516c4ef000-7f516c4f7000 rw-s 00000000 08:01 11011709                   /tmp/hsperfdata_nidhro/5303
7f516c4f7000-7f516c4f8000 rw-p 00000000 00:00 0 
7f516c4f8000-7f516c4f9000 ---p 00000000 00:00 0 
7f516c4f9000-7f516c4fb000 rw-p 00000000 00:00 0 
7f516c4fb000-7f516c4fc000 r--p 00027000 08:01 13631866                   /lib/x86_64-linux-gnu/ld-2.27.so
7f516c4fc000-7f516c4fd000 rw-p 00028000 08:01 13631866                   /lib/x86_64-linux-gnu/ld-2.27.so
7f516c4fd000-7f516c4fe000 rw-p 00000000 00:00 0 
7ffef8856000-7ffef8879000 rw-p 00000000 00:00 0                          [stack]
7ffef89d8000-7ffef89db000 r--p 00000000 00:00 0                          [vvar]
7ffef89db000-7ffef89dd000 r-xp 00000000 00:00 0                          [vdso]
ffffffffff600000-ffffffffff601000 r-xp 00000000 00:00 0                  [vsyscall]

VM Arguments:
jvm_args: -ea -Dfile.encoding=UTF-8 
java_command: org.eclipse.jdt.internal.junit.runner.RemoteTestRunner -version 3 -port 30265 -testLoaderClass org.eclipse.jdt.internal.junit4.runner.JUnit4TestLoader -loaderpluginname org.eclipse.jdt.junit4.runtime -classNames com.scifisoft.MyWebApp.MyWebAppApplicationTests
java_class_path (initial): /home/nidhro/git/mywebapp/MyWebApp/target/test-classes:/home/nidhro/git/mywebapp/MyWebApp/target/classes:/home/nidhro/.m2/repository/org/springframework/boot/spring-boot-starter-data-jpa/2.1.7.RELEASE/spring-boot-starter-data-jpa-2.1.7.RELEASE.jar:/home/nidhro/.m2/repository/org/springframework/boot/spring-boot-starter-aop/2.1.7.RELEASE/spring-boot-starter-aop-2.1.7.RELEASE.jar:/home/nidhro/.m2/repository/org/aspectj/aspectjweaver/1.9.4/aspectjweaver-1.9.4.jar:/home/nidhro/.m2/repository/javax/transaction/javax.transaction-api/1.3/javax.transaction-api-1.3.jar:/home/nidhro/.m2/repository/javax/xml/bind/jaxb-api/2.3.1/jaxb-api-2.3.1.jar:/home/nidhro/.m2/repository/javax/activation/javax.activation-api/1.2.0/javax.activation-api-1.2.0.jar:/home/nidhro/.m2/repository/org/hibernate/hibernate-core/5.3.10.Final/hibernate-core-5.3.10.Final.jar:/home/nidhro/.m2/repository/org/jboss/logging/jboss-logging/3.3.2.Final/jboss-logging-3.3.2.Final.jar:/home/nidhro/.m2/repository/javax/persistence/javax.persistence-api/2.2/javax.persistence-api-2.2.jar:/home/nidhro/.m2/repository/org/javassist/javassist/3.23.2-GA/javassist-3.23.2-GA.jar:/home/nidhro/.m2/repository/net/bytebuddy/byte-buddy/1.9.16/byte-buddy-1.9.16.jar:/home/nidhro/.m2/repository/antlr/antlr/2.7.7/antlr-2.7.7.jar:/home/nidhro/.m2/repository/org/jboss/jandex/2.0.5.Final/jandex-2.0.5.Final.jar:/home/nidhro/.m2/repository/com/fasterxml/classmate/1.4.0/classmate-1.4.0.jar:/home/nidhro/.m2/repository/org/dom4j/dom4j/2.1.1/dom4j-2.1.1.jar:/home/nidhro/.m2/repository/org/hibernate/common/hibernate-commons-annotations/5.0.4.Final/hibernate-commons-annotations-5.0.4.Final.jar:/home/nidhro/.m2/repository/org/springframework/data/spring-data-jpa/2.1.10.RELEASE/spring-data-jpa-2.1.10.RELEASE.jar:/home/nidhro/.m2/repository/org/springframework/data/spring-data-commons/2.1.10.RELEASE/spring-data-commons-2.1.10.RELEASE.jar:/home/nidhro/.m2/repository/org/springframework/spring-orm/5.1.9.RELEASE/spring-o
Launcher Type: SUN_STANDARD

Environment Variables:
JAVA_HOME=/usr/lib/jvm/java-8-oracle
PATH=/home/nidhro/bin:/home/nidhro/.local/bin:/usr/local/sbin:/usr/local/bin:/usr/sbin:/usr/bin:/sbin:/bin:/usr/games:/usr/local/games:/snap/bin:/usr/lib/jvm/java-8-oracle/bin:/usr/lib/jvm/java-8-oracle/db/bin:/usr/lib/jvm/java-8-oracle/jre/bin:/home/nidhro/bin:/usr/lib/jvm/java-8-oracle/bin
USERNAME=nidhro
SHELL=/bin/bash
DISPLAY=:0

Signal Handlers:
SIGSEGV: [libjvm.so+0xab92f0], sa_mask[0]=11111111011111111101111111111110, sa_flags=SA_RESTART|SA_SIGINFO
SIGBUS: [libjvm.so+0xab92f0], sa_mask[0]=11111111011111111101111111111110, sa_flags=SA_RESTART|SA_SIGINFO
SIGFPE: [libjvm.so+0x8ee560], sa_mask[0]=11111111011111111101111111111110, sa_flags=SA_RESTART|SA_SIGINFO
SIGPIPE: [libjvm.so+0x8ee560], sa_mask[0]=11111111011111111101111111111110, sa_flags=SA_RESTART|SA_SIGINFO
SIGXFSZ: [libjvm.so+0x8ee560], sa_mask[0]=11111111011111111101111111111110, sa_flags=SA_RESTART|SA_SIGINFO
SIGILL: [libjvm.so+0x8ee560], sa_mask[0]=11111111011111111101111111111110, sa_flags=SA_RESTART|SA_SIGINFO
SIGUSR1: SIG_DFL, sa_mask[0]=00000000000000000000000000000000, sa_flags=none
SIGUSR2: [libjvm.so+0x8ee410], sa_mask[0]=00100000000000000000000000000000, sa_flags=SA_RESTART|SA_SIGINFO
SIGHUP: [libjvm.so+0x8eea80], sa_mask[0]=11111111011111111101111111111110, sa_flags=SA_RESTART|SA_SIGINFO
SIGINT: [libjvm.so+0x8eea80], sa_mask[0]=11111111011111111101111111111110, sa_flags=SA_RESTART|SA_SIGINFO
SIGTERM: [libjvm.so+0x8eea80], sa_mask[0]=11111111011111111101111111111110, sa_flags=SA_RESTART|SA_SIGINFO
SIGQUIT: [libjvm.so+0x8eea80], sa_mask[0]=11111111011111111101111111111110, sa_flags=SA_RESTART|SA_SIGINFO


---------------  S Y S T E M  ---------------

OS:DISTRIB_ID=Ubuntu
DISTRIB_RELEASE=18.04
DISTRIB_CODENAME=bionic
DISTRIB_DESCRIPTION="Ubuntu 18.04.3 LTS"

uname:Linux 4.15.0-58-generic #64-Ubuntu SMP Tue Aug 6 11:12:41 UTC 2019 x86_64
libc:glibc 2.27 NPTL 2.27 
rlimit: STACK 8192k, CORE 0k, NPROC 15194, NOFILE 1048576, AS infinity
load average:3.64 4.35 2.96

/proc/meminfo:
MemTotal:        3934060 kB
MemFree:           94228 kB
MemAvailable:       5532 kB
Buffers:             448 kB
Cached:           335208 kB
SwapCached:            0 kB
Active:          3267036 kB
Inactive:         317652 kB
Active(anon):    3260600 kB
Inactive(anon):   308052 kB
Active(file):       6436 kB
Inactive(file):     9600 kB
Unevictable:          80 kB
Mlocked:              80 kB
SwapTotal:             0 kB
SwapFree:              0 kB
Dirty:                24 kB
Writeback:             0 kB
AnonPages:       3249268 kB
Mapped:           200912 kB
Shmem:            319464 kB
Slab:             113984 kB
SReclaimable:      46968 kB
SUnreclaim:        67016 kB
KernelStack:       15328 kB
PageTables:        65760 kB
NFS_Unstable:          0 kB
Bounce:                0 kB
WritebackTmp:          0 kB
CommitLimit:     1967028 kB
Committed_AS:    8926856 kB
VmallocTotal:   34359738367 kB
VmallocUsed:           0 kB
VmallocChunk:          0 kB
HardwareCorrupted:     0 kB
AnonHugePages:         0 kB
ShmemHugePages:        0 kB
ShmemPmdMapped:        0 kB
CmaTotal:              0 kB
CmaFree:               0 kB
HugePages_Total:       0
HugePages_Free:        0
HugePages_Rsvd:        0
HugePages_Surp:        0
Hugepagesize:       2048 kB
DirectMap4k:      222720 kB
DirectMap2M:     3866624 kB
DirectMap1G:           0 kB

container (cgroup) information:
container_type: cgroupv1
cpu_cpuset_cpus: 0-3
cpu_memory_nodes: 0
active_processor_count: 4
cpu_quota: -1
cpu_period: 100000
cpu_shares: -1
memory_limit_in_bytes: -1
memory_and_swap_limit_in_bytes: -2
memory_soft_limit_in_bytes: -1
memory_usage_in_bytes: 3670081536
memory_max_usage_in_bytes: 0


CPU:total 4 (initial active 4) (2 cores per cpu, 2 threads per core) family 6 model 69 stepping 1, cmov, cx8, fxsr, mmx, sse, sse2, sse3, ssse3, sse4.1, sse4.2, popcnt, avx, avx2, aes, clmul, erms, lzcnt, ht, tsc, tscinvbit, bmi1, bmi2

/proc/cpuinfo:
processor	: 0
vendor_id	: GenuineIntel
cpu family	: 6
model		: 69
model name	: Intel(R) Core(TM) i5-4300U CPU @ 1.90GHz
stepping	: 1
microcode	: 0x25
cpu MHz		: 2573.524
cache size	: 3072 KB
physical id	: 0
siblings	: 4
core id		: 0
cpu cores	: 2
apicid		: 0
initial apicid	: 0
fpu		: yes
fpu_exception	: yes
cpuid level	: 13
wp		: yes
flags		: fpu vme de pse tsc msr pae mce cx8 apic sep mtrr pge mca cmov pat pse36 clflush dts acpi mmx fxsr sse sse2 ss ht tm pbe syscall nx pdpe1gb rdtscp lm constant_tsc arch_perfmon pebs bts rep_good nopl xtopology nonstop_tsc cpuid aperfmperf pni pclmulqdq dtes64 monitor ds_cpl vmx smx est tm2 ssse3 sdbg fma cx16 xtpr pdcm pcid sse4_1 sse4_2 x2apic movbe popcnt tsc_deadline_timer aes xsave avx f16c rdrand lahf_lm abm cpuid_fault epb invpcid_single pti ssbd ibrs ibpb stibp tpr_shadow vnmi flexpriority ept vpid fsgsbase tsc_adjust bmi1 avx2 smep bmi2 erms invpcid xsaveopt dtherm ida arat pln pts md_clear flush_l1d
bugs		: cpu_meltdown spectre_v1 spectre_v2 spec_store_bypass l1tf mds swapgs
bogomips	: 4988.68
clflush size	: 64
cache_alignment	: 64
address sizes	: 39 bits physical, 48 bits virtual
power management:

processor	: 1
vendor_id	: GenuineIntel
cpu family	: 6
model		: 69
model name	: Intel(R) Core(TM) i5-4300U CPU @ 1.90GHz
stepping	: 1
microcode	: 0x25
cpu MHz		: 1981.244
cache size	: 3072 KB
physical id	: 0
siblings	: 4
core id		: 0
cpu cores	: 2
apicid		: 1
initial apicid	: 1
fpu		: yes
fpu_exception	: yes
cpuid level	: 13
wp		: yes
flags		: fpu vme de pse tsc msr pae mce cx8 apic sep mtrr pge mca cmov pat pse36 clflush dts acpi mmx fxsr sse sse2 ss ht tm pbe syscall nx pdpe1gb rdtscp lm constant_tsc arch_perfmon pebs bts rep_good nopl xtopology nonstop_tsc cpuid aperfmperf pni pclmulqdq dtes64 monitor ds_cpl vmx smx est tm2 ssse3 sdbg fma cx16 xtpr pdcm pcid sse4_1 sse4_2 x2apic movbe popcnt tsc_deadline_timer aes xsave avx f16c rdrand lahf_lm abm cpuid_fault epb invpcid_single pti ssbd ibrs ibpb stibp tpr_shadow vnmi flexpriority ept vpid fsgsbase tsc_adjust bmi1 avx2 smep bmi2 erms invpcid xsaveopt dtherm ida arat pln pts md_clear flush_l1d
bugs		: cpu_meltdown spectre_v1 spectre_v2 spec_store_bypass l1tf mds swapgs
bogomips	: 4988.68
clflush size	: 64
cache_alignment	: 64
address sizes	: 39 bits physical, 48 bits virtual
power management:

processor	: 2
vendor_id	: GenuineIntel
cpu family	: 6
model		: 69
model name	: Intel(R) Core(TM) i5-4300U CPU @ 1.90GHz
stepping	: 1
microcode	: 0x25
cpu MHz		: 1952.451
cache size	: 3072 KB
physical id	: 0
siblings	: 4
core id		: 1
cpu cores	: 2
apicid		: 2
initial apicid	: 2
fpu		: yes
fpu_exception	: yes
cpuid level	: 13
wp		: yes
flags		: fpu vme de pse tsc msr pae mce cx8 apic sep mtrr pge mca cmov pat pse36 clflush dts acpi mmx fxsr sse sse2 ss ht tm pbe syscall nx pdpe1gb rdtscp lm constant_tsc arch_perfmon pebs bts rep_good nopl xtopology nonstop_tsc cpuid aperfmperf pni pclmulqdq dtes64 monitor ds_cpl vmx smx est tm2 ssse3 sdbg fma cx16 xtpr pdcm pcid sse4_1 sse4_2 x2apic movbe popcnt tsc_deadline_timer aes xsave avx f16c rdrand lahf_lm abm cpuid_fault epb invpcid_single pti ssbd ibrs ibpb stibp tpr_shadow vnmi flexpriority ept vpid fsgsbase tsc_adjust bmi1 avx2 smep bmi2 erms invpcid xsaveopt dtherm ida arat pln pts md_clear flush_l1d
bugs		: cpu_meltdown spectre_v1 spectre_v2 spec_store_bypass l1tf mds swapgs
bogomips	: 4988.68
clflush size	: 64
cache_alignment	: 64
address sizes	: 39 bits physical, 48 bits virtual
power management:

processor	: 3
vendor_id	: GenuineIntel
cpu family	: 6
model		: 69
model name	: Intel(R) Core(TM) i5-4300U CPU @ 1.90GHz
stepping	: 1
microcode	: 0x25
cpu MHz		: 2824.979
cache size	: 3072 KB
physical id	: 0
siblings	: 4
core id		: 1
cpu cores	: 2
apicid		: 3
initial apicid	: 3
fpu		: yes
fpu_exception	: yes
cpuid level	: 13
wp		: yes
flags		: fpu vme de pse tsc msr pae mce cx8 apic sep mtrr pge mca cmov pat pse36 clflush dts acpi mmx fxsr sse sse2 ss ht tm pbe syscall nx pdpe1gb rdtscp lm constant_tsc arch_perfmon pebs bts rep_good nopl xtopology nonstop_tsc cpuid aperfmperf pni pclmulqdq dtes64 monitor ds_cpl vmx smx est tm2 ssse3 sdbg fma cx16 xtpr pdcm pcid sse4_1 sse4_2 x2apic movbe popcnt tsc_deadline_timer aes xsave avx f16c rdrand lahf_lm abm cpuid_fault epb invpcid_single pti ssbd ibrs ibpb stibp tpr_shadow vnmi flexpriority ept vpid fsgsbase tsc_adjust bmi1 avx2 smep bmi2 erms invpcid xsaveopt dtherm ida arat pln pts md_clear flush_l1d
bugs		: cpu_meltdown spectre_v1 spectre_v2 spec_store_bypass l1tf mds swapgs
bogomips	: 4988.68
clflush size	: 64
cache_alignment	: 64
address sizes	: 39 bits physical, 48 bits virtual
power management:



Memory: 4k page, physical 3934060k(98400k free), swap 0k(0k free)

vm_info: OpenJDK 64-Bit Server VM (25.222-b10) for linux-amd64 JRE (1.8.0_222-8u222-b10-1ubuntu1~18.04.1-b10), built on Jul 18 2019 18:52:48 by "buildd" with gcc 7.4.0

time: Fri Sep 20 14:46:34 2019
timezone: +06
elapsed time: 8 seconds (0d 0h 0m 8s)

